2020-12-19 09:55:36.393 Starting LogosApplication on DESKTOP-VPAA1A7 with PID 7488 (C:\Users\zhenmei\Documents\project\logos-spring-boot-starter\target\classes started by zhenmei in C:\Users\zhenmei\Documents\project\logos-spring-boot-starter)
2020-12-19 09:55:36.400 No active profile set, falling back to default profiles: default
2020-12-19 09:55:37.975 Tomcat initialized with port(s): 8080 (http)
2020-12-19 09:55:37.992 Initializing ProtocolHandler ["http-nio-8080"]
2020-12-19 09:55:37.993 Starting service [Tomcat]
2020-12-19 09:55:37.994 Starting Servlet engine: [Apache Tomcat/9.0.38]
2020-12-19 09:55:38.276 Initializing Spring embedded WebApplicationContext
2020-12-19 09:55:38.276 Root WebApplicationContext: initialization completed in 1786 ms
2020-12-19 09:55:38.676 Initializing ExecutorService 'applicationTaskExecutor'
2020-12-19 09:55:38.836 Initializing ExecutorService 'clientInboundChannelExecutor'
2020-12-19 09:55:38.840 Initializing ExecutorService 'clientOutboundChannelExecutor'
2020-12-19 09:55:38.851 Welcome use loges,you can visit this url to open web quickly: http://192.168.182.1:8080/logos/index.html
2020-12-19 09:55:38.867 Initializing ExecutorService 'messageBrokerTaskScheduler'
2020-12-19 09:55:38.920 Initializing ExecutorService 'brokerChannelExecutor'
2020-12-19 09:55:39.004 Starting ProtocolHandler ["http-nio-8080"]
2020-12-19 09:55:39.040 Tomcat started on port(s): 8080 (http) with context path ''
2020-12-19 09:55:39.043 Starting...
2020-12-19 09:55:39.044 BrokerAvailabilityEvent[available=true, SimpleBrokerMessageHandler [DefaultSubscriptionRegistry[cache[0 destination(s)], registry[0 sessions]]]]
2020-12-19 09:55:39.044 Started.
2020-12-19 09:55:39.057 Started LogosApplication in 3.572 seconds (JVM running for 5.597)
2020-12-19 09:56:38.918 WebSocketSession[0 current WS(0)-HttpStream(0)-HttpPoll(0), 0 total, 0 closed abnormally (0 connect failure, 0 send limit, 0 transport error)], stompSubProtocol[processed CONNECT(0)-CONNECTED(0)-DISCONNECT(0)], stompBrokerRelay[null], inboundChannel[pool size = 0, active threads = 0, queued tasks = 0, completed tasks = 0], outboundChannel[pool size = 0, active threads = 0, queued tasks = 0, completed tasks = 0], sockJsScheduler[pool size = 1, active threads = 1, queued tasks = 0, completed tasks = 0]
2020-12-19 09:57:22.277 Initializing Spring DispatcherServlet 'dispatcherServlet'
2020-12-19 09:57:22.278 Initializing Servlet 'dispatcherServlet'
2020-12-19 09:57:22.285 Completed initialization in 6 ms
2020-12-19 10:05:14.279 Starting LogosApplication on DESKTOP-VPAA1A7 with PID 5192 (C:\Users\zhenmei\Documents\project\logos-spring-boot-starter\target\classes started by zhenmei in C:\Users\zhenmei\Documents\project\logos-spring-boot-starter)
2020-12-19 10:05:14.285 No active profile set, falling back to default profiles: default
2020-12-19 10:05:15.598 Tomcat initialized with port(s): 8080 (http)
2020-12-19 10:05:15.612 Initializing ProtocolHandler ["http-nio-8080"]
2020-12-19 10:05:15.613 Starting service [Tomcat]
2020-12-19 10:05:15.614 Starting Servlet engine: [Apache Tomcat/9.0.38]
2020-12-19 10:05:15.861 Initializing Spring embedded WebApplicationContext
2020-12-19 10:05:15.862 Root WebApplicationContext: initialization completed in 1515 ms
2020-12-19 10:05:16.235 Initializing ExecutorService 'applicationTaskExecutor'
2020-12-19 10:05:16.381 Initializing ExecutorService 'clientInboundChannelExecutor'
2020-12-19 10:05:16.385 Initializing ExecutorService 'clientOutboundChannelExecutor'
2020-12-19 10:05:16.396 Welcome use loges,you can visit this url to open web quickly: http://192.168.182.1:8080/logos/index.html
2020-12-19 10:05:16.413 Initializing ExecutorService 'messageBrokerTaskScheduler'
2020-12-19 10:05:16.453 Initializing ExecutorService 'brokerChannelExecutor'
2020-12-19 10:05:16.531 Starting ProtocolHandler ["http-nio-8080"]
2020-12-19 10:05:16.567 Tomcat started on port(s): 8080 (http) with context path ''
2020-12-19 10:05:16.571 Starting...
2020-12-19 10:05:16.571 BrokerAvailabilityEvent[available=true, SimpleBrokerMessageHandler [DefaultSubscriptionRegistry[cache[0 destination(s)], registry[0 sessions]]]]
2020-12-19 10:05:16.572 Started.
2020-12-19 10:05:16.583 Started LogosApplication in 3.184 seconds (JVM running for 4.876)
2020-12-19 10:05:16.585 _____
2020-12-19 10:05:16.586 _____
2020-12-19 10:05:18.087 _____
2020-12-19 10:05:18.087 _____
2020-12-19 10:05:19.284 Initializing Spring DispatcherServlet 'dispatcherServlet'
2020-12-19 10:05:19.284 Initializing Servlet 'dispatcherServlet'
2020-12-19 10:05:19.291 Completed initialization in 6 ms
2020-12-19 10:05:19.588 _____
2020-12-19 10:05:19.588 _____
2020-12-19 10:05:21.089 _____
2020-12-19 10:05:21.089 _____
2020-12-19 10:05:22.590 _____
2020-12-19 10:05:22.590 _____
2020-12-19 10:05:24.092 _____
2020-12-19 10:05:24.092 _____
2020-12-19 10:05:25.593 _____
2020-12-19 10:05:25.594 _____
2020-12-19 10:05:27.095 _____
2020-12-19 10:05:27.095 _____
2020-12-19 10:05:28.596 _____
2020-12-19 10:05:28.596 _____
2020-12-19 10:05:30.098 _____
2020-12-19 10:05:30.098 _____
2020-12-19 10:05:31.599 _____
2020-12-19 10:05:31.599 _____
2020-12-19 10:05:33.101 _____
2020-12-19 10:05:33.101 _____
2020-12-19 10:05:34.601 _____
2020-12-19 10:05:34.601 _____
2020-12-19 10:05:36.103 _____
2020-12-19 10:05:36.104 _____
2020-12-19 10:05:37.604 _____
2020-12-19 10:05:37.605 _____
2020-12-19 10:05:39.105 _____
2020-12-19 10:05:39.105 _____
2020-12-19 10:05:40.607 _____
2020-12-19 10:05:40.607 _____
2020-12-19 10:05:42.108 _____
2020-12-19 10:05:42.108 _____
2020-12-19 10:05:43.610 _____
2020-12-19 10:05:43.610 _____
2020-12-19 10:05:45.112 _____
2020-12-19 10:05:45.112 _____
2020-12-19 10:05:46.614 _____
2020-12-19 10:05:46.615 _____
2020-12-19 10:05:48.117 _____
2020-12-19 10:05:48.117 _____
2020-12-19 10:05:49.619 _____
2020-12-19 10:05:49.619 _____
2020-12-19 10:05:51.120 _____
2020-12-19 10:05:51.120 _____
2020-12-19 10:05:52.621 _____
2020-12-19 10:05:52.621 _____
2020-12-19 10:05:54.123 _____
2020-12-19 10:05:54.123 _____
2020-12-19 10:05:55.623 _____
2020-12-19 10:05:55.623 _____
2020-12-19 10:05:57.125 _____
2020-12-19 10:05:57.125 _____
2020-12-19 10:05:58.625 _____
2020-12-19 10:05:58.625 _____
2020-12-19 10:06:00.127 _____
2020-12-19 10:06:00.127 _____
2020-12-19 10:06:01.628 _____
2020-12-19 10:06:01.628 _____
2020-12-19 10:06:03.129 _____
2020-12-19 10:06:03.129 _____
2020-12-19 10:06:04.630 _____
2020-12-19 10:06:04.630 _____
2020-12-19 10:06:06.131 _____
2020-12-19 10:06:06.131 _____
2020-12-19 10:06:07.631 _____
2020-12-19 10:06:07.631 _____
2020-12-19 10:06:09.132 _____
2020-12-19 10:06:09.132 _____
2020-12-19 10:06:10.633 _____
2020-12-19 10:06:10.633 _____
2020-12-19 10:06:12.134 _____
2020-12-19 10:06:12.134 _____
2020-12-19 10:06:13.635 _____
2020-12-19 10:06:13.635 _____
2020-12-19 10:06:15.136 _____
2020-12-19 10:06:15.136 _____
2020-12-19 10:06:16.452 WebSocketSession[1 current WS(1)-HttpStream(0)-HttpPoll(0), 1 total, 0 closed abnormally (0 connect failure, 0 send limit, 0 transport error)], stompSubProtocol[processed CONNECT(1)-CONNECTED(1)-DISCONNECT(0)], stompBrokerRelay[null], inboundChannel[pool size = 6, active threads = 0, queued tasks = 0, completed tasks = 6], outboundChannel[pool size = 16, active threads = 0, queued tasks = 0, completed tasks = 109], sockJsScheduler[pool size = 8, active threads = 1, queued tasks = 2, completed tasks = 12]
2020-12-19 10:06:16.637 _____
2020-12-19 10:06:16.637 _____
2020-12-19 10:06:18.137 _____
2020-12-19 10:06:18.137 _____
2020-12-19 10:06:19.639 _____
2020-12-19 10:06:19.639 _____
2020-12-19 10:06:21.140 _____
2020-12-19 10:06:21.140 _____
2020-12-19 10:06:22.642 _____
2020-12-19 10:06:22.642 _____
2020-12-19 10:06:24.143 _____
2020-12-19 10:06:24.143 _____
2020-12-19 10:06:25.645 _____
2020-12-19 10:06:25.645 _____
2020-12-19 10:06:27.147 _____
2020-12-19 10:06:27.147 _____
2020-12-19 10:06:28.648 _____
2020-12-19 10:06:28.648 _____
2020-12-19 10:06:30.150 _____
2020-12-19 10:06:30.150 _____
2020-12-19 10:06:31.652 _____
2020-12-19 10:06:31.652 _____
2020-12-19 10:06:33.153 _____
2020-12-19 10:06:33.153 _____
2020-12-19 10:06:34.655 _____
2020-12-19 10:06:34.655 _____
2020-12-19 10:06:36.156 _____
2020-12-19 10:06:36.156 _____
2020-12-19 10:06:37.658 _____
2020-12-19 10:06:37.658 _____
2020-12-19 10:06:39.159 _____
2020-12-19 10:06:39.159 _____
2020-12-19 10:06:40.661 _____
2020-12-19 10:06:40.661 _____
2020-12-19 10:06:42.162 _____
2020-12-19 10:06:42.162 _____
2020-12-19 10:06:43.664 _____
2020-12-19 10:06:43.664 _____
2020-12-19 10:06:45.166 _____
2020-12-19 10:06:45.166 _____
2020-12-19 10:06:46.667 _____
2020-12-19 10:06:46.667 _____
2020-12-19 10:06:48.168 _____
2020-12-19 10:06:48.168 _____
2020-12-19 10:06:49.670 _____
2020-12-19 10:06:49.670 _____
2020-12-19 10:06:51.171 _____
2020-12-19 10:06:51.171 _____
2020-12-19 10:06:52.673 _____
2020-12-19 10:06:52.673 _____
2020-12-19 10:06:54.174 _____
2020-12-19 10:06:54.174 _____
2020-12-19 10:06:55.675 _____
2020-12-19 10:06:55.676 _____
2020-12-19 10:06:57.178 _____
2020-12-19 10:06:57.178 _____
2020-12-19 10:06:58.680 _____
2020-12-19 10:06:58.680 _____
2020-12-19 10:07:00.181 _____
2020-12-19 10:07:00.181 _____
2020-12-19 10:07:01.683 _____
2020-12-19 10:07:01.683 _____
2020-12-19 10:07:03.185 _____
2020-12-19 10:07:03.185 _____
2020-12-19 10:07:04.686 _____
2020-12-19 10:07:04.686 _____
2020-12-19 10:07:06.188 _____
2020-12-19 10:07:06.188 _____
2020-12-19 10:07:07.689 _____
2020-12-19 10:07:07.689 _____
2020-12-19 10:07:09.191 _____
2020-12-19 10:07:09.191 _____
2020-12-19 10:07:10.692 _____
2020-12-19 10:07:10.692 _____
2020-12-19 10:07:12.194 _____
2020-12-19 10:07:12.194 _____
2020-12-19 10:07:13.695 _____
2020-12-19 10:07:13.695 _____
2020-12-19 10:07:15.196 _____
2020-12-19 10:07:15.196 _____
2020-12-19 10:07:16.698 _____
2020-12-19 10:07:16.698 _____
2020-12-19 10:07:18.200 _____
2020-12-19 10:07:18.200 _____
2020-12-19 10:07:19.702 _____
2020-12-19 10:07:19.702 _____
2020-12-19 10:07:21.204 _____
2020-12-19 10:07:21.204 _____
2020-12-19 10:07:22.705 _____
2020-12-19 10:07:22.705 _____
2020-12-19 10:07:24.207 _____
2020-12-19 10:07:24.207 _____
2020-12-19 10:07:25.709 _____
2020-12-19 10:07:25.709 _____
2020-12-19 10:07:27.211 _____
2020-12-19 10:07:27.211 _____
2020-12-19 10:07:28.713 _____
2020-12-19 10:07:28.713 _____
2020-12-19 10:07:30.214 _____
2020-12-19 10:07:30.214 _____
2020-12-19 10:07:31.716 _____
2020-12-19 10:07:31.716 _____
2020-12-19 10:07:33.218 _____
2020-12-19 10:07:33.218 _____
2020-12-19 10:07:34.720 _____
2020-12-19 10:07:34.720 _____
2020-12-19 10:07:36.222 _____
2020-12-19 10:07:36.223 _____
2020-12-19 10:07:37.724 _____
2020-12-19 10:07:37.724 _____
2020-12-19 10:07:39.226 _____
2020-12-19 10:07:39.226 _____
2020-12-19 10:07:40.728 _____
2020-12-19 10:07:40.728 _____
2020-12-19 10:07:42.230 _____
2020-12-19 10:07:42.230 _____
2020-12-19 10:07:43.731 _____
2020-12-19 10:07:43.731 _____
2020-12-19 10:07:45.233 _____
2020-12-19 10:07:45.233 _____
2020-12-19 10:07:46.735 _____
2020-12-19 10:07:46.735 _____
2020-12-19 10:07:48.236 _____
2020-12-19 10:07:48.236 _____
2020-12-19 10:07:49.738 _____
2020-12-19 10:07:49.738 _____
2020-12-19 10:07:51.240 _____
2020-12-19 10:07:51.240 _____
2020-12-19 10:07:52.741 _____
2020-12-19 10:07:52.741 _____
2020-12-19 10:07:54.243 _____
2020-12-19 10:07:54.243 _____
2020-12-19 10:07:55.744 _____
2020-12-19 10:07:55.745 _____
2020-12-19 10:07:57.246 _____
2020-12-19 10:07:57.246 _____
2020-12-19 10:07:58.748 _____
2020-12-19 10:07:58.748 _____
2020-12-19 10:08:00.249 _____
2020-12-19 10:08:00.249 _____
2020-12-19 10:08:01.751 _____
2020-12-19 10:08:01.751 _____
2020-12-19 10:08:03.252 _____
2020-12-19 10:08:03.252 _____
2020-12-19 10:08:04.754 _____
2020-12-19 10:08:04.754 _____
2020-12-19 10:08:06.255 _____
2020-12-19 10:08:06.255 _____
2020-12-19 10:08:07.757 _____
2020-12-19 10:08:07.757 _____
2020-12-19 10:08:09.259 _____
2020-12-19 10:08:09.259 _____
2020-12-19 10:08:10.761 _____
2020-12-19 10:08:10.761 _____
2020-12-19 10:08:12.262 _____
2020-12-19 10:08:12.262 _____
2020-12-19 10:08:13.764 _____
2020-12-19 10:08:13.764 _____
2020-12-19 10:08:15.265 _____
2020-12-19 10:08:15.265 _____
2020-12-19 10:08:16.767 _____
2020-12-19 10:08:16.767 _____
2020-12-19 10:08:18.268 _____
2020-12-19 10:08:18.268 _____
2020-12-19 10:08:19.770 _____
2020-12-19 10:08:19.770 _____
2020-12-19 10:08:21.271 _____
2020-12-19 10:08:21.271 _____
2020-12-19 10:08:22.773 _____
2020-12-19 10:08:22.773 _____
2020-12-19 10:08:24.274 _____
2020-12-19 10:08:24.274 _____
2020-12-19 10:08:25.775 _____
2020-12-19 10:08:25.776 _____
2020-12-19 10:08:27.276 _____
2020-12-19 10:08:27.276 _____
2020-12-19 10:08:28.778 _____
2020-12-19 10:08:28.778 _____
2020-12-19 10:08:30.279 _____
2020-12-19 10:08:30.279 _____
2020-12-19 10:08:31.781 _____
2020-12-19 10:08:31.781 _____
2020-12-19 10:08:33.282 _____
2020-12-19 10:08:33.282 _____
2020-12-19 10:08:34.784 _____
2020-12-19 10:08:34.784 _____
2020-12-19 10:08:36.285 _____
2020-12-19 10:08:36.285 _____
2020-12-19 10:08:37.787 _____
2020-12-19 10:08:37.787 _____
2020-12-19 10:08:39.288 _____
2020-12-19 10:08:39.288 _____
2020-12-19 10:08:40.790 _____
2020-12-19 10:08:40.791 _____
2020-12-19 10:08:42.291 _____
2020-12-19 10:08:42.292 _____
2020-12-19 10:08:43.794 _____
2020-12-19 10:08:43.794 _____
2020-12-19 10:08:45.295 _____
2020-12-19 10:08:45.295 _____
2020-12-19 10:08:46.796 _____
2020-12-19 10:08:46.796 _____
2020-12-19 10:08:48.298 _____
2020-12-19 10:08:48.298 _____
2020-12-19 10:08:49.799 _____
2020-12-19 10:08:49.799 _____
2020-12-19 10:08:51.301 _____
2020-12-19 10:08:51.301 _____
2020-12-19 10:08:52.803 _____
2020-12-19 10:08:52.803 _____
2020-12-19 10:08:54.304 _____
2020-12-19 10:08:54.304 _____
2020-12-19 10:08:55.805 _____
2020-12-19 10:08:55.807 _____
2020-12-19 10:08:57.307 _____
2020-12-19 10:08:57.307 _____
2020-12-19 10:08:58.809 _____
2020-12-19 10:08:58.809 _____
2020-12-19 10:09:00.311 _____
2020-12-19 10:09:00.311 _____
2020-12-19 10:09:01.812 _____
2020-12-19 10:09:01.812 _____
2020-12-19 10:09:03.314 _____
2020-12-19 10:09:03.314 _____
2020-12-19 10:09:04.815 _____
2020-12-19 10:09:04.815 _____
2020-12-19 10:09:06.316 _____
2020-12-19 10:09:06.316 _____
2020-12-19 10:09:07.817 _____
2020-12-19 10:09:07.817 _____
2020-12-19 10:09:09.319 _____
2020-12-19 10:09:09.319 _____
2020-12-19 10:09:10.820 _____
2020-12-19 10:09:10.820 _____
2020-12-19 10:09:12.322 _____
2020-12-19 10:09:12.322 _____
2020-12-19 10:09:13.823 _____
2020-12-19 10:09:13.823 _____
2020-12-19 10:09:15.324 _____
2020-12-19 10:09:15.324 _____
2020-12-19 10:09:16.826 _____
2020-12-19 10:09:16.826 _____
2020-12-19 10:09:18.327 _____
2020-12-19 10:09:18.327 _____
2020-12-19 10:09:19.829 _____
2020-12-19 10:09:19.830 _____
2020-12-19 10:09:21.332 _____
2020-12-19 10:09:21.332 _____
2020-12-19 10:09:22.834 _____
2020-12-19 10:09:22.834 _____
2020-12-19 10:09:24.335 _____
2020-12-19 10:09:24.335 _____
2020-12-19 10:09:25.837 _____
2020-12-19 10:09:25.837 _____
2020-12-19 10:09:27.339 _____
2020-12-19 10:09:27.339 _____
2020-12-19 10:09:28.841 _____
2020-12-19 10:09:28.841 _____
2020-12-19 10:09:30.342 _____
2020-12-19 10:09:30.342 _____
2020-12-19 10:09:31.843 _____
2020-12-19 10:09:31.844 _____
2020-12-19 10:09:33.345 _____
2020-12-19 10:09:33.345 _____
2020-12-19 10:09:34.846 _____
2020-12-19 10:09:34.846 _____
2020-12-19 10:09:36.348 _____
2020-12-19 10:09:36.348 _____
2020-12-19 10:09:37.849 _____
2020-12-19 10:09:37.849 _____
2020-12-19 10:09:39.350 _____
2020-12-19 10:09:39.350 _____
2020-12-19 10:09:40.852 _____
2020-12-19 10:09:40.852 _____
2020-12-19 10:09:42.353 _____
2020-12-19 10:09:42.353 _____
2020-12-19 10:09:43.854 _____
2020-12-19 10:09:43.854 _____
2020-12-19 10:09:45.356 _____
2020-12-19 10:09:45.356 _____
2020-12-19 10:09:46.857 _____
2020-12-19 10:09:46.857 _____
2020-12-19 10:09:48.359 _____
2020-12-19 10:09:48.359 _____
2020-12-19 10:09:49.860 _____
2020-12-19 10:09:49.860 _____
2020-12-19 10:09:51.362 _____
2020-12-19 10:09:51.362 _____
2020-12-19 10:09:52.864 _____
2020-12-19 10:09:52.864 _____
2020-12-19 10:09:54.366 _____
2020-12-19 10:09:54.366 _____
2020-12-19 10:09:55.868 _____
2020-12-19 10:09:55.868 _____
2020-12-19 10:09:57.369 _____
2020-12-19 10:09:57.370 _____
2020-12-19 10:09:58.871 _____
2020-12-19 10:09:58.872 _____
2020-12-19 10:10:00.372 _____
2020-12-19 10:10:00.373 _____
2020-12-19 10:10:01.874 _____
2020-12-19 10:10:01.875 _____
2020-12-19 10:10:03.375 _____
2020-12-19 10:10:03.375 _____
2020-12-19 10:10:04.877 _____
2020-12-19 10:10:04.877 _____
2020-12-19 10:10:06.378 _____
2020-12-19 10:10:06.378 _____
2020-12-19 10:10:07.880 _____
2020-12-19 10:10:07.880 _____
2020-12-19 10:10:09.382 _____
2020-12-19 10:10:09.382 _____
2020-12-19 10:10:10.884 _____
2020-12-19 10:10:10.884 _____
2020-12-19 10:10:12.385 _____
2020-12-19 10:10:12.385 _____
2020-12-19 10:10:13.888 _____
2020-12-19 10:10:13.888 _____
2020-12-19 10:10:15.390 _____
2020-12-19 10:10:15.390 _____
2020-12-19 10:10:16.892 _____
2020-12-19 10:10:16.892 _____
2020-12-19 10:10:18.394 _____
2020-12-19 10:10:18.394 _____
2020-12-19 10:10:19.895 _____
2020-12-19 10:10:19.895 _____
2020-12-19 10:10:21.396 _____
2020-12-19 10:10:21.396 _____
2020-12-19 10:10:22.897 _____
2020-12-19 10:10:22.897 _____
2020-12-19 10:10:24.399 _____
2020-12-19 10:10:24.399 _____
2020-12-19 10:10:25.900 _____
2020-12-19 10:10:25.900 _____
2020-12-19 10:10:27.402 _____
2020-12-19 10:10:27.403 _____
2020-12-19 10:10:28.903 _____
2020-12-19 10:10:28.903 _____
2020-12-19 10:10:30.405 _____
2020-12-19 10:10:30.405 _____
2020-12-19 10:10:31.907 _____
2020-12-19 10:10:31.907 _____
2020-12-19 10:10:33.408 _____
2020-12-19 10:10:33.408 _____
2020-12-19 10:10:34.910 _____
2020-12-19 10:10:34.910 _____
2020-12-19 10:10:36.410 _____
2020-12-19 10:10:36.410 _____
2020-12-19 10:10:37.912 _____
2020-12-19 10:10:37.912 _____
2020-12-19 10:10:39.412 _____
2020-12-19 10:10:39.412 _____
2020-12-19 10:10:40.914 _____
2020-12-19 10:10:40.914 _____
2020-12-19 10:10:42.415 _____
2020-12-19 10:10:42.416 _____
2020-12-19 10:10:43.917 _____
2020-12-19 10:10:43.917 _____
2020-12-19 10:10:45.419 _____
2020-12-19 10:10:45.419 _____
2020-12-19 10:10:46.919 _____
2020-12-19 10:10:46.919 _____
2020-12-19 10:10:48.420 _____
2020-12-19 10:10:48.420 _____
2020-12-19 10:10:49.922 _____
2020-12-19 10:10:49.922 _____
2020-12-19 10:10:51.423 _____
2020-12-19 10:10:51.423 _____
2020-12-19 10:10:52.924 _____
2020-12-19 10:10:52.924 _____
2020-12-19 10:10:54.426 _____
2020-12-19 10:10:54.426 _____
2020-12-19 10:10:55.927 _____
2020-12-19 10:10:55.927 _____
2020-12-19 10:10:57.428 _____
2020-12-19 10:10:57.428 _____
2020-12-19 10:10:58.930 _____
2020-12-19 10:10:58.930 _____
2020-12-19 10:11:00.436 _____
2020-12-19 10:11:00.436 _____
2020-12-19 10:11:01.938 _____
2020-12-19 10:11:01.938 _____
2020-12-19 10:11:03.440 _____
2020-12-19 10:11:03.440 _____
2020-12-19 10:11:04.941 _____
2020-12-19 10:11:04.941 _____
2020-12-19 10:11:06.442 _____
2020-12-19 10:11:06.442 _____
2020-12-19 10:11:07.943 _____
2020-12-19 10:11:07.943 _____
2020-12-19 10:11:09.444 _____
2020-12-19 10:11:09.444 _____
2020-12-19 10:11:10.945 _____
2020-12-19 10:11:10.945 _____
2020-12-19 10:11:12.446 _____
2020-12-19 10:11:12.446 _____
2020-12-19 10:11:13.947 _____
2020-12-19 10:11:13.947 _____
2020-12-19 10:11:15.448 _____
2020-12-19 10:11:15.449 _____
2020-12-19 10:11:16.951 _____
2020-12-19 10:11:16.951 _____
2020-12-19 10:11:18.452 _____
2020-12-19 10:11:18.452 _____
2020-12-19 10:11:19.954 _____
2020-12-19 10:11:19.954 _____
2020-12-19 10:11:21.456 _____
2020-12-19 10:11:21.456 _____
2020-12-19 10:11:22.957 _____
2020-12-19 10:11:22.957 _____
2020-12-19 10:11:24.458 _____
2020-12-19 10:11:24.458 _____
2020-12-19 10:11:25.958 _____
2020-12-19 10:11:25.958 _____
2020-12-19 10:11:27.459 _____
2020-12-19 10:11:27.460 _____
2020-12-19 10:11:28.961 _____
2020-12-19 10:11:28.961 _____
2020-12-19 10:11:30.463 _____
2020-12-19 10:11:30.463 _____
2020-12-19 10:11:31.963 _____
2020-12-19 10:11:31.963 _____
2020-12-19 10:11:33.464 _____
2020-12-19 10:11:33.464 _____
2020-12-19 10:11:34.966 _____
2020-12-19 10:11:34.966 _____
2020-12-19 10:11:36.468 _____
2020-12-19 10:11:36.468 _____
2020-12-19 10:11:37.970 _____
2020-12-19 10:11:37.970 _____
2020-12-19 10:11:39.472 _____
2020-12-19 10:11:39.472 _____
2020-12-19 10:11:40.973 _____
2020-12-19 10:11:40.973 _____
2020-12-19 10:11:42.474 _____
2020-12-19 10:11:42.474 _____
2020-12-19 10:11:43.975 _____
2020-12-19 10:11:43.976 _____
2020-12-19 10:11:45.476 _____
2020-12-19 10:11:45.477 _____
2020-12-19 10:11:46.978 _____
2020-12-19 10:11:46.979 _____
2020-12-19 10:11:48.479 _____
2020-12-19 10:11:48.480 _____
2020-12-19 10:11:49.980 _____
2020-12-19 10:11:49.980 _____
2020-12-19 10:11:51.482 _____
2020-12-19 10:11:51.482 _____
2020-12-19 10:11:52.984 _____
2020-12-19 10:11:52.984 _____
2020-12-19 10:11:54.485 _____
2020-12-19 10:11:54.485 _____
2020-12-19 10:11:55.987 _____
2020-12-19 10:11:55.988 _____
2020-12-19 10:11:57.489 _____
2020-12-19 10:11:57.489 _____
2020-12-19 10:11:58.990 _____
2020-12-19 10:11:58.990 _____
2020-12-19 10:12:00.491 _____
2020-12-19 10:12:00.491 _____
2020-12-19 10:12:01.993 _____
2020-12-19 10:12:01.993 _____
2020-12-19 10:12:03.493 _____
2020-12-19 10:12:03.493 _____
2020-12-19 10:12:04.994 _____
2020-12-19 10:12:04.994 _____
2020-12-19 10:12:06.496 _____
2020-12-19 10:12:06.496 _____
2020-12-19 10:12:07.996 _____
2020-12-19 10:12:07.996 _____
2020-12-19 10:12:09.497 _____
2020-12-19 10:12:09.497 _____
2020-12-19 10:12:10.997 _____
2020-12-19 10:12:10.997 _____
2020-12-19 10:12:12.498 _____
2020-12-19 10:12:12.498 _____
2020-12-19 10:12:13.998 _____
2020-12-19 10:12:13.998 _____
2020-12-19 10:12:15.499 _____
2020-12-19 10:12:15.499 _____
2020-12-19 10:12:16.999 _____
2020-12-19 10:12:17.000 _____
2020-12-19 10:12:18.500 _____
2020-12-19 10:12:18.500 _____
2020-12-19 10:12:20.002 _____
2020-12-19 10:12:20.002 _____
2020-12-19 10:12:21.502 _____
2020-12-19 10:12:21.502 _____
2020-12-19 10:12:23.004 _____
2020-12-19 10:12:23.004 _____
2020-12-19 10:12:24.508 _____
2020-12-19 10:12:24.512 _____
2020-12-19 10:12:31.347 Starting LogosApplication on DESKTOP-VPAA1A7 with PID 7944 (C:\Users\zhenmei\Documents\project\logos-spring-boot-starter\target\classes started by zhenmei in C:\Users\zhenmei\Documents\project\logos-spring-boot-starter)
2020-12-19 10:12:31.354 No active profile set, falling back to default profiles: default
2020-12-19 10:12:32.756 Tomcat initialized with port(s): 8080 (http)
2020-12-19 10:12:32.772 Initializing ProtocolHandler ["http-nio-8080"]
2020-12-19 10:12:32.773 Starting service [Tomcat]
2020-12-19 10:12:32.773 Starting Servlet engine: [Apache Tomcat/9.0.38]
2020-12-19 10:12:33.043 Initializing Spring embedded WebApplicationContext
2020-12-19 10:12:33.043 Root WebApplicationContext: initialization completed in 1618 ms
2020-12-19 10:12:33.428 Initializing ExecutorService 'applicationTaskExecutor'
2020-12-19 10:12:33.608 Initializing ExecutorService 'clientInboundChannelExecutor'
2020-12-19 10:12:33.611 Initializing ExecutorService 'clientOutboundChannelExecutor'
2020-12-19 10:12:33.629 Welcome use loges,you can visit this url to open web quickly: http://192.168.182.1:8080/logos/index.html
2020-12-19 10:12:33.645 Initializing ExecutorService 'messageBrokerTaskScheduler'
2020-12-19 10:12:33.702 Initializing ExecutorService 'brokerChannelExecutor'
2020-12-19 10:12:33.791 Starting ProtocolHandler ["http-nio-8080"]
2020-12-19 10:12:33.836 Tomcat started on port(s): 8080 (http) with context path ''
2020-12-19 10:12:33.839 Starting...
2020-12-19 10:12:33.839 BrokerAvailabilityEvent[available=true, SimpleBrokerMessageHandler [DefaultSubscriptionRegistry[cache[0 destination(s)], registry[0 sessions]]]]
2020-12-19 10:12:33.840 Started.
2020-12-19 10:12:33.856 Started LogosApplication in 3.377 seconds (JVM running for 5.034)
2020-12-19 10:12:33.861 _____
2020-12-19 10:12:33.861 _____
2020-12-19 10:12:35.362 _____
2020-12-19 10:12:35.362 _____
2020-12-19 10:12:36.864 _____
2020-12-19 10:12:36.865 _____
2020-12-19 10:12:38.366 _____
2020-12-19 10:12:38.366 _____
2020-12-19 10:12:39.867 _____
2020-12-19 10:12:39.867 _____
2020-12-19 10:12:41.145 Initializing Spring DispatcherServlet 'dispatcherServlet'
2020-12-19 10:12:41.145 Initializing Servlet 'dispatcherServlet'
2020-12-19 10:12:41.153 Completed initialization in 7 ms
2020-12-19 10:12:41.369 _____
2020-12-19 10:12:41.369 _____
2020-12-19 10:12:42.871 _____
2020-12-19 10:12:42.871 _____
2020-12-19 10:12:44.372 _____
2020-12-19 10:12:44.373 _____
2020-12-19 10:12:45.873 _____
2020-12-19 10:12:45.873 _____
2020-12-19 10:12:47.375 _____
2020-12-19 10:12:47.375 _____
2020-12-19 10:12:48.877 _____
2020-12-19 10:12:48.877 _____
2020-12-19 10:12:50.378 _____
2020-12-19 10:12:50.378 _____
2020-12-19 10:12:51.879 _____
2020-12-19 10:12:51.879 _____
2020-12-19 10:12:53.381 _____
2020-12-19 10:12:53.382 _____
2020-12-19 10:12:54.883 _____
2020-12-19 10:12:54.884 _____
2020-12-19 10:12:56.384 _____
2020-12-19 10:12:56.384 _____
2020-12-19 10:12:57.886 _____
2020-12-19 10:12:57.886 _____
2020-12-19 10:12:59.389 _____
2020-12-19 10:12:59.390 _____
2020-12-19 10:13:00.892 _____
2020-12-19 10:13:00.892 _____
2020-12-19 10:13:02.393 _____
2020-12-19 10:13:02.393 _____
2020-12-19 10:13:03.893 _____
2020-12-19 10:13:03.893 _____
2020-12-19 10:13:05.393 _____
2020-12-19 10:13:05.395 _____
2020-12-19 10:13:06.899 _____
2020-12-19 10:13:06.900 _____
2020-12-19 10:13:08.401 _____
2020-12-19 10:13:08.401 _____
2020-12-19 10:13:09.902 _____
2020-12-19 10:13:09.902 _____
2020-12-19 10:13:11.403 _____
2020-12-19 10:13:11.403 _____
2020-12-19 10:13:12.903 _____
2020-12-19 10:13:12.903 _____
2020-12-19 10:13:14.405 _____
2020-12-19 10:13:14.405 _____
2020-12-19 10:13:15.906 _____
2020-12-19 10:13:15.906 _____
2020-12-19 10:13:17.407 _____
2020-12-19 10:13:17.407 _____
2020-12-19 10:13:18.907 _____
2020-12-19 10:13:18.907 _____
2020-12-19 10:13:20.408 _____
2020-12-19 10:13:20.408 _____
2020-12-19 10:13:21.909 _____
2020-12-19 10:13:21.909 _____
2020-12-19 10:13:23.410 _____
2020-12-19 10:13:23.410 _____
2020-12-19 10:13:24.910 _____
2020-12-19 10:13:24.910 _____
2020-12-19 10:13:26.411 _____
2020-12-19 10:13:26.411 _____
2020-12-19 10:13:27.912 _____
2020-12-19 10:13:27.913 _____
2020-12-19 10:13:29.414 _____
2020-12-19 10:13:29.415 _____
2020-12-19 10:13:30.916 _____
2020-12-19 10:13:30.917 _____
2020-12-19 10:13:32.418 _____
2020-12-19 10:13:32.419 _____
2020-12-19 10:13:33.702 WebSocketSession[1 current WS(1)-HttpStream(0)-HttpPoll(0), 1 total, 0 closed abnormally (0 connect failure, 0 send limit, 0 transport error)], stompSubProtocol[processed CONNECT(1)-CONNECTED(1)-DISCONNECT(0)], stompBrokerRelay[null], inboundChannel[pool size = 6, active threads = 0, queued tasks = 0, completed tasks = 6], outboundChannel[pool size = 16, active threads = 0, queued tasks = 0, completed tasks = 97], sockJsScheduler[pool size = 8, active threads = 1, queued tasks = 2, completed tasks = 10]
2020-12-19 10:13:33.920 _____
2020-12-19 10:13:33.920 _____
2020-12-19 10:13:35.422 _____
2020-12-19 10:13:35.422 _____
2020-12-19 10:13:36.923 _____
2020-12-19 10:13:36.925 _____
2020-12-19 10:13:38.427 _____
2020-12-19 10:13:38.427 _____
2020-12-19 10:13:39.928 _____
2020-12-19 10:13:39.928 _____
2020-12-19 10:13:41.430 _____
2020-12-19 10:13:41.430 _____
2020-12-19 10:13:42.931 _____
2020-12-19 10:13:42.931 _____
2020-12-19 10:13:44.432 _____
2020-12-19 10:13:44.432 _____
2020-12-19 10:13:45.934 _____
2020-12-19 10:13:45.934 _____
2020-12-19 10:13:47.435 _____
2020-12-19 10:13:47.435 _____
2020-12-19 10:13:48.936 _____
2020-12-19 10:13:48.936 _____
2020-12-19 10:13:50.438 _____
2020-12-19 10:13:50.438 _____
2020-12-19 10:13:51.939 _____
2020-12-19 10:13:51.939 _____
2020-12-19 10:13:53.441 _____
2020-12-19 10:13:53.441 _____
2020-12-19 10:13:54.942 _____
2020-12-19 10:13:54.942 _____
2020-12-19 10:13:56.444 _____
2020-12-19 10:13:56.445 _____
2020-12-19 10:13:57.947 _____
2020-12-19 10:13:57.947 _____
2020-12-19 10:13:59.448 _____
2020-12-19 10:13:59.448 _____
2020-12-19 10:14:00.949 _____
2020-12-19 10:14:00.949 _____
2020-12-19 10:14:02.451 _____
2020-12-19 10:14:02.451 _____
2020-12-19 10:14:03.952 _____
2020-12-19 10:14:03.953 _____
2020-12-19 10:14:05.453 _____
2020-12-19 10:14:05.453 _____
2020-12-19 10:14:06.955 _____
2020-12-19 10:14:06.955 _____
2020-12-19 10:14:08.457 _____
2020-12-19 10:14:08.457 _____
2020-12-19 10:14:09.958 _____
2020-12-19 10:14:09.958 _____
2020-12-19 10:14:11.459 _____
2020-12-19 10:14:11.459 _____
2020-12-19 10:14:12.961 _____
2020-12-19 10:14:12.961 _____
2020-12-19 10:14:14.462 _____
2020-12-19 10:14:14.463 _____
2020-12-19 10:14:15.964 _____
2020-12-19 10:14:15.964 _____
2020-12-19 10:14:17.465 _____
2020-12-19 10:14:17.465 _____
2020-12-19 10:14:18.967 _____
2020-12-19 10:14:18.967 _____
2020-12-19 10:14:20.469 _____
2020-12-19 10:14:20.469 _____
2020-12-19 10:14:21.970 _____
2020-12-19 10:14:21.970 _____
2020-12-19 10:14:23.472 _____
2020-12-19 10:14:23.472 _____
2020-12-19 10:14:24.973 _____
2020-12-19 10:14:24.973 _____
2020-12-19 10:14:26.475 _____
2020-12-19 10:14:26.475 _____
2020-12-19 10:14:27.976 _____
2020-12-19 10:14:27.976 _____
2020-12-19 10:14:29.477 _____
2020-12-19 10:14:29.477 _____
2020-12-19 10:14:30.979 _____
2020-12-19 10:14:30.979 _____
2020-12-19 10:14:32.480 _____
2020-12-19 10:14:32.480 _____
2020-12-19 10:14:33.982 _____
2020-12-19 10:14:33.982 _____
2020-12-19 10:14:35.484 _____
2020-12-19 10:14:35.484 _____
2020-12-19 10:14:36.986 _____
2020-12-19 10:14:36.986 _____
2020-12-19 10:14:38.487 _____
2020-12-19 10:14:38.487 _____
2020-12-19 10:14:39.989 _____
2020-12-19 10:14:39.989 _____
2020-12-19 10:14:41.490 _____
2020-12-19 10:14:41.490 _____
2020-12-19 10:14:42.992 _____
2020-12-19 10:14:42.992 _____
2020-12-19 10:14:44.493 _____
2020-12-19 10:14:44.493 _____
2020-12-19 10:14:45.995 _____
2020-12-19 10:14:45.995 _____
2020-12-19 10:14:47.496 _____
2020-12-19 10:14:47.496 _____
2020-12-19 10:14:48.998 _____
2020-12-19 10:14:48.998 _____
2020-12-19 10:14:50.500 _____
2020-12-19 10:14:50.500 _____
2020-12-19 10:14:52.001 _____
2020-12-19 10:14:52.001 _____
2020-12-19 10:14:53.503 _____
2020-12-19 10:14:53.503 _____
2020-12-19 10:14:55.004 _____
2020-12-19 10:14:55.004 _____
2020-12-19 10:14:56.505 _____
2020-12-19 10:14:56.505 _____
2020-12-19 10:14:58.006 _____
2020-12-19 10:14:58.006 _____
2020-12-19 10:14:59.508 _____
2020-12-19 10:14:59.508 _____
2020-12-19 10:15:01.010 _____
2020-12-19 10:15:01.010 _____
2020-12-19 10:15:02.511 _____
2020-12-19 10:15:02.511 _____
2020-12-19 10:15:04.013 _____
2020-12-19 10:15:04.013 _____
2020-12-19 10:15:05.514 _____
2020-12-19 10:15:05.514 _____
2020-12-19 10:15:07.015 _____
2020-12-19 10:15:07.015 _____
2020-12-19 10:15:08.516 _____
2020-12-19 10:15:08.516 _____
2020-12-19 10:15:10.018 _____
2020-12-19 10:15:10.018 _____
2020-12-19 10:15:11.519 _____
2020-12-19 10:15:11.519 _____
2020-12-19 10:15:13.021 _____
2020-12-19 10:15:13.021 _____
2020-12-19 10:15:14.522 _____
2020-12-19 10:15:14.522 _____
2020-12-19 10:15:16.024 _____
2020-12-19 10:15:16.024 _____
2020-12-19 10:15:17.526 _____
2020-12-19 10:15:17.526 _____
2020-12-19 10:15:19.027 _____
2020-12-19 10:15:19.027 _____
2020-12-19 10:15:20.529 _____
2020-12-19 10:15:20.529 _____
2020-12-19 10:15:22.030 _____
2020-12-19 10:15:22.030 _____
2020-12-19 10:15:23.531 _____
2020-12-19 10:15:23.531 _____
2020-12-19 10:15:25.032 _____
2020-12-19 10:15:25.032 _____
2020-12-19 10:15:26.534 _____
2020-12-19 10:15:26.535 _____
2020-12-19 10:15:28.036 _____
2020-12-19 10:15:28.036 _____
2020-12-19 10:15:29.537 _____
2020-12-19 10:15:29.538 _____
2020-12-19 10:15:31.039 _____
2020-12-19 10:15:31.039 _____
2020-12-19 10:15:32.540 _____
2020-12-19 10:15:32.540 _____
2020-12-19 10:15:34.042 _____
2020-12-19 10:15:34.042 _____
2020-12-19 10:15:35.544 _____
2020-12-19 10:15:35.544 _____
2020-12-19 10:15:37.045 _____
2020-12-19 10:15:37.045 _____
2020-12-19 10:15:38.547 _____
2020-12-19 10:15:38.547 _____
2020-12-19 10:15:40.048 _____
2020-12-19 10:15:40.048 _____
2020-12-19 10:15:41.549 _____
2020-12-19 10:15:41.549 _____
2020-12-19 10:15:43.051 _____
2020-12-19 10:15:43.051 _____
2020-12-19 10:15:44.552 _____
2020-12-19 10:15:44.552 _____
2020-12-19 10:15:46.054 _____
2020-12-19 10:15:46.054 _____
2020-12-19 10:15:47.555 _____
2020-12-19 10:15:47.555 _____
2020-12-19 10:15:49.057 _____
2020-12-19 10:15:49.057 _____
2020-12-19 10:15:50.559 _____
2020-12-19 10:15:50.559 _____
2020-12-19 10:15:52.061 _____
2020-12-19 10:15:52.061 _____
2020-12-19 10:15:53.562 _____
2020-12-19 10:15:53.562 _____
2020-12-19 10:15:55.064 _____
2020-12-19 10:15:55.064 _____
2020-12-19 10:15:56.566 _____
2020-12-19 10:15:56.566 _____
2020-12-19 10:15:58.067 _____
2020-12-19 10:15:58.067 _____
2020-12-19 10:15:59.568 _____
2020-12-19 10:15:59.568 _____
2020-12-19 10:16:01.070 _____
2020-12-19 10:16:01.070 _____
2020-12-19 10:16:02.572 _____
2020-12-19 10:16:02.572 _____
2020-12-19 10:16:04.073 _____
2020-12-19 10:16:04.073 _____
2020-12-19 10:16:05.575 _____
2020-12-19 10:16:05.575 _____
2020-12-19 10:16:07.077 _____
2020-12-19 10:16:07.077 _____
2020-12-19 10:16:08.578 _____
2020-12-19 10:16:08.578 _____
2020-12-19 10:16:10.080 _____
2020-12-19 10:16:10.080 _____
2020-12-19 10:16:11.582 _____
2020-12-19 10:16:11.582 _____
2020-12-19 10:16:13.084 _____
2020-12-19 10:16:13.084 _____
2020-12-19 10:16:14.585 _____
2020-12-19 10:16:14.586 _____
2020-12-19 10:16:16.086 _____
2020-12-19 10:16:16.086 _____
2020-12-19 10:16:17.588 _____
2020-12-19 10:16:17.588 _____
2020-12-19 10:16:19.089 _____
2020-12-19 10:16:19.089 _____
2020-12-19 10:16:20.591 _____
2020-12-19 10:16:20.591 _____
2020-12-19 10:16:22.093 _____
2020-12-19 10:16:22.093 _____
2020-12-19 10:16:23.594 _____
2020-12-19 10:16:23.594 _____
2020-12-19 10:16:25.096 _____
2020-12-19 10:16:25.096 _____
2020-12-19 10:16:26.597 _____
2020-12-19 10:16:26.597 _____
2020-12-19 10:16:28.099 _____
2020-12-19 10:16:28.099 _____
2020-12-19 10:16:29.601 _____
2020-12-19 10:16:29.601 _____
2020-12-19 10:16:31.102 _____
2020-12-19 10:16:31.102 _____
2020-12-19 10:16:32.603 _____
2020-12-19 10:16:32.603 _____
2020-12-19 10:16:34.105 _____
2020-12-19 10:16:34.105 _____
2020-12-19 10:16:35.606 _____
2020-12-19 10:16:35.606 _____
2020-12-19 10:16:37.107 _____
2020-12-19 10:16:37.107 _____
2020-12-19 10:16:38.609 _____
2020-12-19 10:16:38.609 _____
2020-12-19 10:16:40.111 _____
2020-12-19 10:16:40.111 _____
2020-12-19 10:16:41.612 _____
2020-12-19 10:16:41.612 _____
2020-12-19 10:16:43.114 _____
2020-12-19 10:16:43.114 _____
2020-12-19 10:16:44.616 _____
2020-12-19 10:16:44.616 _____
2020-12-19 10:16:46.117 _____
2020-12-19 10:16:46.117 _____
2020-12-19 10:16:47.619 _____
2020-12-19 10:16:47.619 _____
2020-12-19 10:16:49.121 _____
2020-12-19 10:16:49.121 _____
2020-12-19 10:16:50.623 _____
2020-12-19 10:16:50.623 _____
2020-12-19 10:16:52.124 _____
2020-12-19 10:16:52.124 _____
2020-12-19 10:16:53.626 _____
2020-12-19 10:16:53.626 _____
2020-12-19 10:16:55.126 _____
2020-12-19 10:16:55.126 _____
2020-12-19 10:16:56.628 _____
2020-12-19 10:16:56.628 _____
2020-12-19 10:16:58.130 _____
2020-12-19 10:16:58.130 _____
2020-12-19 10:16:59.632 _____
2020-12-19 10:16:59.632 _____
2020-12-19 10:17:01.133 _____
2020-12-19 10:17:01.133 _____
2020-12-19 10:17:02.634 _____
2020-12-19 10:17:02.634 _____
2020-12-19 10:17:04.135 _____
2020-12-19 10:17:04.136 _____
2020-12-19 10:17:05.637 _____
2020-12-19 10:17:05.637 _____
2020-12-19 10:17:07.139 _____
2020-12-19 10:17:07.139 _____
2020-12-19 10:17:08.640 _____
2020-12-19 10:17:08.640 _____
2020-12-19 10:17:10.142 _____
2020-12-19 10:17:10.142 _____
2020-12-19 10:17:11.643 _____
2020-12-19 10:17:11.643 _____
2020-12-19 10:17:13.144 _____
2020-12-19 10:17:13.144 _____
2020-12-19 10:17:14.646 _____
2020-12-19 10:17:14.646 _____
2020-12-19 10:17:16.148 _____
2020-12-19 10:17:16.148 _____
2020-12-19 10:17:17.649 _____
2020-12-19 10:17:17.649 _____
2020-12-19 10:17:19.151 _____
2020-12-19 10:17:19.151 _____
2020-12-19 10:17:20.653 _____
2020-12-19 10:17:20.653 _____
2020-12-19 10:17:22.154 _____
2020-12-19 10:17:22.154 _____
2020-12-19 10:17:23.656 _____
2020-12-19 10:17:23.656 _____
2020-12-19 10:17:25.157 _____
2020-12-19 10:17:25.158 _____
2020-12-19 10:17:26.659 _____
2020-12-19 10:17:26.659 _____
2020-12-19 10:17:28.160 _____
2020-12-19 10:17:28.160 _____
2020-12-19 10:17:29.662 _____
2020-12-19 10:17:29.662 _____
2020-12-19 10:17:31.163 _____
2020-12-19 10:17:31.163 _____
2020-12-19 10:17:32.664 _____
2020-12-19 10:17:32.664 _____
2020-12-19 10:17:34.166 _____
2020-12-19 10:17:34.166 _____
2020-12-19 10:17:35.668 _____
2020-12-19 10:17:35.668 _____
2020-12-19 10:17:37.169 _____
2020-12-19 10:17:37.169 _____
2020-12-19 10:17:38.671 _____
2020-12-19 10:17:38.671 _____
2020-12-19 10:17:40.173 _____
2020-12-19 10:17:40.173 _____
2020-12-19 10:17:41.675 _____
2020-12-19 10:17:41.675 _____
2020-12-19 10:17:43.176 _____
2020-12-19 10:17:43.177 _____
2020-12-19 10:17:44.678 _____
2020-12-19 10:17:44.678 _____
2020-12-19 10:17:46.178 _____
2020-12-19 10:17:46.178 _____
2020-12-19 10:17:47.680 _____
2020-12-19 10:17:47.680 _____
2020-12-19 10:17:49.182 _____
2020-12-19 10:17:49.182 _____
2020-12-19 10:17:50.684 _____
2020-12-19 10:17:50.684 _____
2020-12-19 10:17:52.184 _____
2020-12-19 10:17:52.184 _____
2020-12-19 10:17:53.686 _____
2020-12-19 10:17:53.686 _____
2020-12-19 10:17:55.188 _____
2020-12-19 10:17:55.188 _____
2020-12-19 10:17:56.688 _____
2020-12-19 10:17:56.688 _____
2020-12-19 10:17:58.190 _____
2020-12-19 10:17:58.190 _____
2020-12-19 10:17:59.690 _____
2020-12-19 10:17:59.690 _____
2020-12-19 10:18:01.192 _____
2020-12-19 10:18:01.192 _____
2020-12-19 10:18:02.693 _____
2020-12-19 10:18:02.693 _____
2020-12-19 10:18:04.194 _____
2020-12-19 10:18:04.194 _____
2020-12-19 10:18:05.695 _____
2020-12-19 10:18:05.695 _____
2020-12-19 10:18:07.197 _____
2020-12-19 10:18:07.197 _____
2020-12-19 10:18:08.699 _____
2020-12-19 10:18:08.699 _____
2020-12-19 10:18:10.200 _____
2020-12-19 10:18:10.200 _____
2020-12-19 10:18:11.702 _____
2020-12-19 10:18:11.702 _____
2020-12-19 10:18:13.203 _____
2020-12-19 10:18:13.203 _____
2020-12-19 10:18:14.704 _____
2020-12-19 10:18:14.704 _____
2020-12-19 10:18:16.205 _____
2020-12-19 10:18:16.205 _____
2020-12-19 10:18:17.705 _____
2020-12-19 10:18:17.705 _____
2020-12-19 10:18:19.206 _____
2020-12-19 10:18:19.206 _____
2020-12-19 10:18:20.706 _____
2020-12-19 10:18:20.706 _____
2020-12-19 10:18:22.207 _____
2020-12-19 10:18:22.207 _____
2020-12-19 10:18:23.707 _____
2020-12-19 10:18:23.707 _____
2020-12-19 10:18:25.209 _____
2020-12-19 10:18:25.209 _____
2020-12-19 10:18:26.710 _____
2020-12-19 10:18:26.710 _____
2020-12-19 10:18:28.212 _____
2020-12-19 10:18:28.212 _____
2020-12-19 10:18:29.713 _____
2020-12-19 10:18:29.713 _____
2020-12-19 10:18:31.213 _____
2020-12-19 10:18:31.213 _____
2020-12-19 10:18:32.715 _____
2020-12-19 10:18:32.715 _____
2020-12-19 10:18:34.216 _____
2020-12-19 10:18:34.216 _____
2020-12-19 10:18:35.718 _____
2020-12-19 10:18:35.718 _____
2020-12-19 10:18:37.219 _____
2020-12-19 10:18:37.219 _____
2020-12-19 10:18:38.720 _____
2020-12-19 10:18:38.720 _____
2020-12-19 10:18:40.222 _____
2020-12-19 10:18:40.222 _____
2020-12-19 10:18:41.723 _____
2020-12-19 10:18:41.723 _____
2020-12-19 10:18:43.224 _____
2020-12-19 10:18:43.224 _____
2020-12-19 10:18:44.725 _____
2020-12-19 10:18:44.725 _____
2020-12-19 10:18:46.226 _____
2020-12-19 10:18:46.226 _____
2020-12-19 10:18:47.727 _____
2020-12-19 10:18:47.727 _____
2020-12-19 10:18:49.228 _____
2020-12-19 10:18:49.228 _____
2020-12-19 10:18:50.730 _____
2020-12-19 10:18:50.730 _____
2020-12-19 10:18:52.230 _____
2020-12-19 10:18:52.239 _____
2020-12-19 10:18:53.743 _____
2020-12-19 10:18:53.743 _____
2020-12-19 10:18:55.243 _____
2020-12-19 10:18:55.243 _____
2020-12-19 10:18:56.745 _____
2020-12-19 10:18:56.745 _____
2020-12-19 10:18:58.246 _____
2020-12-19 10:18:58.246 _____
2020-12-19 10:18:59.747 _____
2020-12-19 10:18:59.747 _____
2020-12-19 10:19:01.247 _____
2020-12-19 10:19:01.247 _____
2020-12-19 10:19:02.748 _____
2020-12-19 10:19:02.748 _____
2020-12-19 10:19:04.249 _____
2020-12-19 10:19:04.249 _____
2020-12-19 10:19:05.750 _____
2020-12-19 10:19:05.750 _____
2020-12-19 10:19:07.252 _____
2020-12-19 10:19:07.252 _____
2020-12-19 10:19:08.752 _____
2020-12-19 10:19:08.753 _____
2020-12-19 10:19:10.253 _____
2020-12-19 10:19:10.253 _____
2020-12-19 10:19:11.755 _____
2020-12-19 10:19:11.755 _____
2020-12-19 10:19:13.257 _____
2020-12-19 10:19:13.257 _____
2020-12-19 10:19:14.757 _____
2020-12-19 10:19:14.757 _____
2020-12-19 10:19:16.259 _____
2020-12-19 10:19:16.259 _____
2020-12-19 10:19:17.759 _____
2020-12-19 10:19:17.759 _____
2020-12-19 10:19:19.261 _____
2020-12-19 10:19:19.261 _____
2020-12-19 10:19:20.762 _____
2020-12-19 10:19:20.762 _____
2020-12-19 10:19:22.264 _____
2020-12-19 10:19:22.264 _____
2020-12-19 10:19:23.765 _____
2020-12-19 10:19:23.765 _____
2020-12-19 10:19:25.267 _____
2020-12-19 10:19:25.267 _____
2020-12-19 10:19:26.767 _____
2020-12-19 10:19:26.767 _____
2020-12-19 10:19:28.267 _____
2020-12-19 10:19:28.267 _____
2020-12-19 10:19:29.768 _____
2020-12-19 10:19:29.768 _____
2020-12-19 10:19:31.269 _____
2020-12-19 10:19:31.269 _____
2020-12-19 10:19:32.769 _____
2020-12-19 10:19:32.769 _____
2020-12-19 10:19:34.270 _____
2020-12-19 10:19:34.270 _____
2020-12-19 10:19:35.772 _____
2020-12-19 10:19:35.772 _____
2020-12-19 10:19:37.272 _____
2020-12-19 10:19:37.272 _____
2020-12-19 10:19:38.773 _____
2020-12-19 10:19:38.773 _____
2020-12-19 10:19:40.274 _____
2020-12-19 10:19:40.274 _____
2020-12-19 10:19:41.774 _____
2020-12-19 10:19:41.774 _____
2020-12-19 10:19:43.275 _____
2020-12-19 10:19:43.275 _____
2020-12-19 10:19:44.776 _____
2020-12-19 10:19:44.776 _____
2020-12-19 10:19:46.278 _____
2020-12-19 10:19:46.278 _____
2020-12-19 10:19:47.778 _____
2020-12-19 10:19:47.778 _____
2020-12-19 10:19:49.280 _____
2020-12-19 10:19:49.280 _____
2020-12-19 10:19:50.781 _____
2020-12-19 10:19:50.781 _____
2020-12-19 10:19:52.282 _____
2020-12-19 10:19:52.282 _____
2020-12-19 10:19:53.783 _____
2020-12-19 10:19:53.783 _____
2020-12-19 10:19:55.285 _____
2020-12-19 10:19:55.285 _____
2020-12-19 10:19:56.786 _____
2020-12-19 10:19:56.786 _____
2020-12-19 10:19:58.286 _____
2020-12-19 10:19:58.286 _____
2020-12-19 10:19:59.787 _____
2020-12-19 10:19:59.787 _____
2020-12-19 10:20:01.288 _____
2020-12-19 10:20:01.288 _____
2020-12-19 10:20:02.789 _____
2020-12-19 10:20:02.789 _____
2020-12-19 10:20:04.290 _____
2020-12-19 10:20:04.290 _____
2020-12-19 10:20:05.792 _____
2020-12-19 10:20:05.792 _____
2020-12-19 10:20:07.293 _____
2020-12-19 10:20:07.293 _____
2020-12-19 10:20:08.793 _____
2020-12-19 10:20:08.793 _____
2020-12-19 10:20:10.294 _____
2020-12-19 10:20:10.294 _____
2020-12-19 10:20:11.796 _____
2020-12-19 10:20:11.796 _____
2020-12-19 10:20:13.297 _____
2020-12-19 10:20:13.297 _____
2020-12-19 10:20:14.798 _____
2020-12-19 10:20:14.798 _____
2020-12-19 10:20:16.298 _____
2020-12-19 10:20:16.298 _____
2020-12-19 10:20:17.799 _____
2020-12-19 10:20:17.799 _____
2020-12-19 10:20:19.300 _____
2020-12-19 10:20:19.300 _____
2020-12-19 10:20:20.802 _____
2020-12-19 10:20:20.802 _____
2020-12-19 10:20:22.303 _____
2020-12-19 10:20:22.303 _____
2020-12-19 10:20:23.804 _____
2020-12-19 10:20:23.804 _____
2020-12-19 10:20:25.306 _____
2020-12-19 10:20:25.306 _____
2020-12-19 10:20:26.808 _____
2020-12-19 10:20:26.808 _____
2020-12-19 10:20:28.309 _____
2020-12-19 10:20:28.309 _____
2020-12-19 10:20:29.811 _____
2020-12-19 10:20:29.811 _____
2020-12-19 10:20:31.311 _____
2020-12-19 10:20:31.311 _____
2020-12-19 10:20:32.811 _____
2020-12-19 10:20:32.811 _____
2020-12-19 10:20:34.312 _____
2020-12-19 10:20:34.312 _____
2020-12-19 10:20:35.812 _____
2020-12-19 10:20:35.812 _____
2020-12-19 10:20:37.313 _____
2020-12-19 10:20:37.313 _____
2020-12-19 10:20:38.813 _____
2020-12-19 10:20:38.813 _____
2020-12-19 10:20:40.314 _____
2020-12-19 10:20:40.314 _____
2020-12-19 10:20:41.814 _____
2020-12-19 10:20:41.814 _____
2020-12-19 10:20:43.314 _____
2020-12-19 10:20:43.314 _____
2020-12-19 10:20:44.815 _____
2020-12-19 10:20:44.815 _____
2020-12-19 10:20:46.315 _____
2020-12-19 10:20:46.316 _____
2020-12-19 10:20:47.817 _____
2020-12-19 10:20:47.817 _____
2020-12-19 10:20:49.318 _____
2020-12-19 10:20:49.319 _____
2020-12-19 10:20:50.820 _____
2020-12-19 10:20:50.821 _____
2020-12-19 10:20:52.321 _____
2020-12-19 10:20:52.322 _____
2020-12-19 10:20:53.822 _____
2020-12-19 10:20:53.822 _____
2020-12-19 10:20:55.324 _____
2020-12-19 10:20:55.324 _____
2020-12-19 10:20:56.837 _____
2020-12-19 10:20:56.841 _____
2020-12-19 10:20:58.346 _____
2020-12-19 10:20:58.347 _____
2020-12-19 10:20:59.848 _____
2020-12-19 10:20:59.849 _____
2020-12-19 10:21:01.350 _____
2020-12-19 10:21:01.350 _____
2020-12-19 10:21:02.851 _____
2020-12-19 10:21:02.851 _____
2020-12-19 10:21:04.353 _____
2020-12-19 10:21:04.356 _____
2020-12-19 10:21:05.860 _____
2020-12-19 10:21:05.860 _____
2020-12-19 10:21:07.362 _____
2020-12-19 10:21:07.362 _____
2020-12-19 10:21:08.862 _____
2020-12-19 10:21:08.862 _____
2020-12-19 10:21:10.363 _____
2020-12-19 10:21:10.363 _____
2020-12-19 10:21:11.864 _____
2020-12-19 10:21:11.864 _____
2020-12-19 10:21:13.365 _____
2020-12-19 10:21:13.365 _____
2020-12-19 10:21:14.865 _____
2020-12-19 10:21:14.865 _____
2020-12-19 10:21:16.366 _____
2020-12-19 10:21:16.366 _____
2020-12-19 10:21:17.866 _____
2020-12-19 10:21:17.866 _____
2020-12-19 10:21:19.368 _____
2020-12-19 10:21:19.368 _____
2020-12-19 10:21:20.870 _____
2020-12-19 10:21:20.870 _____
2020-12-19 10:21:22.372 _____
2020-12-19 10:21:22.372 _____
2020-12-19 10:21:23.873 _____
2020-12-19 10:21:23.873 _____
2020-12-19 10:21:25.374 _____
2020-12-19 10:21:25.375 _____
2020-12-19 10:21:26.876 _____
2020-12-19 10:21:26.876 _____
2020-12-19 10:21:28.378 _____
2020-12-19 10:21:28.378 _____
2020-12-19 10:21:29.880 _____
2020-12-19 10:21:29.880 _____
2020-12-19 10:21:31.381 _____
2020-12-19 10:21:31.381 _____
2020-12-19 10:21:32.881 _____
2020-12-19 10:21:32.881 _____
2020-12-19 10:21:34.381 _____
2020-12-19 10:21:34.381 _____
2020-12-19 10:21:35.882 _____
2020-12-19 10:21:35.882 _____
2020-12-19 10:21:37.382 _____
2020-12-19 10:21:37.382 _____
2020-12-19 10:21:38.882 _____
2020-12-19 10:21:38.882 _____
2020-12-19 10:21:40.383 _____
2020-12-19 10:21:40.383 _____
2020-12-19 10:21:41.884 _____
2020-12-19 10:21:41.884 _____
2020-12-19 10:21:43.386 _____
2020-12-19 10:21:43.386 _____
2020-12-19 10:21:44.888 _____
2020-12-19 10:21:44.888 _____
2020-12-19 10:21:46.390 _____
2020-12-19 10:21:46.390 _____
2020-12-19 10:21:47.890 _____
2020-12-19 10:21:47.890 _____
2020-12-19 10:21:49.391 _____
2020-12-19 10:21:49.391 _____
2020-12-19 10:21:50.893 _____
2020-12-19 10:21:50.893 _____
2020-12-19 10:21:52.394 _____
2020-12-19 10:21:52.394 _____
2020-12-19 10:21:53.896 _____
2020-12-19 10:21:53.896 _____
2020-12-19 10:21:55.398 _____
2020-12-19 10:21:55.398 _____
2020-12-19 10:21:56.899 _____
2020-12-19 10:21:56.899 _____
2020-12-19 10:21:58.399 _____
2020-12-19 10:21:58.399 _____
2020-12-19 10:21:59.899 _____
2020-12-19 10:21:59.899 _____
2020-12-19 10:22:01.400 _____
2020-12-19 10:22:01.400 _____
2020-12-19 10:22:02.900 _____
2020-12-19 10:22:02.900 _____
2020-12-19 10:22:04.401 _____
2020-12-19 10:22:04.401 _____
2020-12-19 10:22:05.902 _____
2020-12-19 10:22:05.902 _____
2020-12-19 10:22:07.402 _____
2020-12-19 10:22:07.402 _____
2020-12-19 10:22:08.904 _____
2020-12-19 10:22:08.905 _____
2020-12-19 10:22:10.407 _____
2020-12-19 10:22:10.407 _____
2020-12-19 10:22:11.908 _____
2020-12-19 10:22:11.908 _____
2020-12-19 10:22:13.409 _____
2020-12-19 10:22:13.409 _____
2020-12-19 10:22:14.910 _____
2020-12-19 10:22:14.910 _____
2020-12-19 10:22:16.411 _____
2020-12-19 10:22:16.411 _____
2020-12-19 10:22:17.913 _____
2020-12-19 10:22:17.913 _____
2020-12-19 10:22:19.414 _____
2020-12-19 10:22:19.414 _____
2020-12-19 10:22:20.915 _____
2020-12-19 10:22:20.916 _____
2020-12-19 10:22:22.417 _____
2020-12-19 10:22:22.417 _____
2020-12-19 10:22:23.918 _____
2020-12-19 10:22:23.918 _____
2020-12-19 10:22:25.420 _____
2020-12-19 10:22:25.420 _____
2020-12-19 10:22:26.921 _____
2020-12-19 10:22:26.923 _____
2020-12-19 10:22:28.424 _____
2020-12-19 10:22:28.424 _____
2020-12-19 10:22:29.924 _____
2020-12-19 10:22:29.924 _____
2020-12-19 10:22:31.424 _____
2020-12-19 10:22:31.424 _____
2020-12-19 10:22:32.925 _____
2020-12-19 10:22:32.925 _____
2020-12-19 10:22:34.425 _____
2020-12-19 10:22:34.425 _____
2020-12-19 10:22:35.925 _____
2020-12-19 10:22:35.925 _____
2020-12-19 10:22:37.427 _____
2020-12-19 10:22:37.427 _____
2020-12-19 10:22:38.928 _____
2020-12-19 10:22:38.928 _____
2020-12-19 10:22:40.429 _____
2020-12-19 10:22:40.429 _____
2020-12-19 10:22:41.931 _____
2020-12-19 10:22:41.931 _____
2020-12-19 10:22:43.432 _____
2020-12-19 10:22:43.432 _____
2020-12-19 10:22:44.933 _____
2020-12-19 10:22:44.933 _____
2020-12-19 10:22:46.433 _____
2020-12-19 10:22:46.433 _____
2020-12-19 10:22:47.935 _____
2020-12-19 10:22:47.935 _____
2020-12-19 10:22:49.436 _____
2020-12-19 10:22:49.437 _____
2020-12-19 10:22:50.940 _____
2020-12-19 10:22:50.941 _____
2020-12-19 10:22:52.442 _____
2020-12-19 10:22:52.442 _____
2020-12-19 10:22:53.944 _____
2020-12-19 10:22:53.944 _____
2020-12-19 10:22:55.445 _____
2020-12-19 10:22:55.445 _____
2020-12-19 10:22:56.946 _____
2020-12-19 10:22:56.946 _____
2020-12-19 10:22:58.448 _____
2020-12-19 10:22:58.448 _____
2020-12-19 10:22:59.949 _____
2020-12-19 10:22:59.949 _____
2020-12-19 10:23:01.450 _____
2020-12-19 10:23:01.450 _____
2020-12-19 10:23:02.950 _____
2020-12-19 10:23:02.950 _____
2020-12-19 10:23:04.452 _____
2020-12-19 10:23:04.452 _____
2020-12-19 10:23:05.953 _____
2020-12-19 10:23:05.953 _____
2020-12-19 10:23:07.455 _____
2020-12-19 10:23:07.455 _____
2020-12-19 10:23:08.955 _____
2020-12-19 10:23:08.955 _____
2020-12-19 10:23:10.456 _____
2020-12-19 10:23:10.456 _____
2020-12-19 10:23:11.957 _____
2020-12-19 10:23:11.957 _____
2020-12-19 10:23:13.458 _____
2020-12-19 10:23:13.458 _____
2020-12-19 10:23:14.960 _____
2020-12-19 10:23:14.960 _____
2020-12-19 10:23:16.461 _____
2020-12-19 10:23:16.461 _____
2020-12-19 10:23:17.962 _____
2020-12-19 10:23:17.962 _____
2020-12-19 10:23:19.462 _____
2020-12-19 10:23:19.462 _____
2020-12-19 10:23:20.964 _____
2020-12-19 10:23:20.964 _____
2020-12-19 10:23:22.465 _____
2020-12-19 10:23:22.465 _____
2020-12-19 10:23:23.966 _____
2020-12-19 10:23:23.966 _____
2020-12-19 10:23:25.466 _____
2020-12-19 10:23:25.466 _____
2020-12-19 10:23:26.968 _____
2020-12-19 10:23:26.968 _____
2020-12-19 10:23:28.469 _____
2020-12-19 10:23:28.469 _____
2020-12-19 10:23:29.970 _____
2020-12-19 10:23:29.970 _____
2020-12-19 10:23:31.470 _____
2020-12-19 10:23:31.470 _____
2020-12-19 10:23:32.972 _____
2020-12-19 10:23:32.972 _____
2020-12-19 10:23:34.474 _____
2020-12-19 10:23:34.474 _____
2020-12-19 10:23:35.974 _____
2020-12-19 10:23:35.974 _____
2020-12-19 10:23:37.475 _____
2020-12-19 10:23:37.475 _____
2020-12-19 10:23:38.977 _____
2020-12-19 10:23:38.977 _____
2020-12-19 10:23:40.479 _____
2020-12-19 10:23:40.479 _____
2020-12-19 10:23:41.979 _____
2020-12-19 10:23:41.979 _____
2020-12-19 10:23:43.481 _____
2020-12-19 10:23:43.481 _____
2020-12-19 10:23:44.982 _____
2020-12-19 10:23:44.982 _____
2020-12-19 10:23:46.484 _____
2020-12-19 10:23:46.484 _____
2020-12-19 10:23:47.984 _____
2020-12-19 10:23:47.984 _____
2020-12-19 10:23:49.485 _____
2020-12-19 10:23:49.485 _____
2020-12-19 10:23:50.987 _____
2020-12-19 10:23:50.987 _____
2020-12-19 10:23:52.487 _____
2020-12-19 10:23:52.488 _____
2020-12-19 10:23:53.988 _____
2020-12-19 10:23:53.988 _____
2020-12-19 10:23:55.489 _____
2020-12-19 10:23:55.489 _____
2020-12-19 10:23:56.990 _____
2020-12-19 10:23:56.990 _____
2020-12-19 10:23:58.490 _____
2020-12-19 10:23:58.490 _____
2020-12-19 10:23:59.991 _____
2020-12-19 10:23:59.991 _____
2020-12-19 10:24:01.493 _____
2020-12-19 10:24:01.493 _____
2020-12-19 10:24:02.994 _____
2020-12-19 10:24:02.994 _____
2020-12-19 10:24:04.496 _____
2020-12-19 10:24:04.496 _____
2020-12-19 10:24:05.996 _____
2020-12-19 10:24:05.996 _____
2020-12-19 10:24:07.497 _____
2020-12-19 10:24:07.497 _____
2020-12-19 10:24:08.998 _____
2020-12-19 10:24:08.998 _____
2020-12-19 10:24:10.498 _____
2020-12-19 10:24:10.498 _____
2020-12-19 10:24:11.999 _____
2020-12-19 10:24:11.999 _____
2020-12-19 10:24:13.499 _____
2020-12-19 10:24:13.499 _____
2020-12-19 10:24:15.001 _____
2020-12-19 10:24:15.001 _____
2020-12-19 10:24:16.502 _____
2020-12-19 10:24:16.502 _____
2020-12-19 10:24:18.003 _____
2020-12-19 10:24:18.003 _____
2020-12-19 10:24:19.505 _____
2020-12-19 10:24:19.505 _____
2020-12-19 10:24:21.005 _____
2020-12-19 10:24:21.005 _____
2020-12-19 10:24:22.506 _____
2020-12-19 10:24:22.506 _____
2020-12-19 10:24:24.007 _____
2020-12-19 10:24:24.007 _____
2020-12-19 10:24:25.508 _____
2020-12-19 10:24:25.508 _____
2020-12-19 10:24:27.009 _____
2020-12-19 10:24:27.009 _____
2020-12-19 10:24:28.510 _____
2020-12-19 10:24:28.510 _____
2020-12-19 10:24:30.010 _____
2020-12-19 10:24:30.010 _____
2020-12-19 10:24:31.510 _____
2020-12-19 10:24:31.512 _____
2020-12-19 10:24:33.014 _____
2020-12-19 10:24:33.014 _____
